<?xml version="1.0" encoding="UTF-8"?>
<!-- Generated by org.testng.reporters.JUnitReportReporter -->
<testsuite skipped="0" hostname="DESKTOP-CJJQG7F" name="qaclickacademy.AppiumTest" tests="2" failures="0" timestamp="26 Jan 2019 17:59:05 GMT" time="0.007" errors="0">
  <testcase name="SeleniumTestcaseTwo" time="0.001" classname="qaclickacademy.AppiumTest"/>
  <testcase name="AppiumTestcaseOne" time="0.006" classname="qaclickacademy.AppiumTest"/>
</testsuite> <!-- qaclickacademy.AppiumTest -->
