<?xml version="1.0" encoding="UTF-8"?>
<!-- Generated by org.testng.reporters.JUnitReportReporter -->
<testsuite skipped="0" hostname="DESKTOP-CJJQG7F" name="qaclickacademy.RestApijavaTest" tests="2" failures="0" timestamp="26 Jan 2019 18:15:55 GMT" time="0.008" errors="0">
  <testcase name="SeleniumTestcaseTwo" time="0.000" classname="qaclickacademy.RestApijavaTest"/>
  <testcase name="RestApijavaTestcaseOne" time="0.008" classname="qaclickacademy.RestApijavaTest"/>
</testsuite> <!-- qaclickacademy.RestApijavaTest -->
