<?xml version="1.0" encoding="UTF-8"?>
<!-- Generated by org.testng.reporters.JUnitReportReporter -->
<testsuite skipped="0" hostname="DESKTOP-CJJQG7F" name="qaclickacademy.SeleniumTest" tests="2" failures="0" timestamp="27 Jan 2019 08:09:44 GMT" time="0.008" errors="0">
  <testcase name="SeleniumTestcaseTwo" time="0.000" classname="qaclickacademy.SeleniumTest"/>
  <testcase name="SeleniumTestcaseOne" time="0.008" classname="qaclickacademy.SeleniumTest"/>
</testsuite> <!-- qaclickacademy.SeleniumTest -->
